{"/home/lorran/Documentos/IFPI/2°Ano/MATÉRIAS/Algoritmo e lógica de programação/algorithm activity/Capitulo 10/Q2 Q3 Q4/redeSocial.js": {"path":"/home/lorran/Documentos/IFPI/2°Ano/MATÉRIAS/Algoritmo e lógica de programação/algorithm activity/Capitulo 10/Q2 Q3 Q4/redeSocial.js","statementMap":{"0":{"start":{"line":3,"column":8},"end":{"line":3,"column":25}},"1":{"start":{"line":4,"column":8},"end":{"line":4,"column":45}},"2":{"start":{"line":5,"column":8},"end":{"line":5,"column":29}},"3":{"start":{"line":6,"column":8},"end":{"line":6,"column":27}},"4":{"start":{"line":7,"column":8},"end":{"line":7,"column":24}},"5":{"start":{"line":11,"column":8},"end":{"line":14,"column":9}},"6":{"start":{"line":12,"column":12},"end":{"line":12,"column":45}},"7":{"start":{"line":13,"column":12},"end":{"line":13,"column":47}},"8":{"start":{"line":18,"column":21},"end":{"line":18,"column":42}},"9":{"start":{"line":19,"column":8},"end":{"line":19,"column":30}},"10":{"start":{"line":20,"column":8},"end":{"line":20,"column":20}},"11":{"start":{"line":24,"column":8},"end":{"line":24,"column":26}},"12":{"start":{"line":30,"column":8},"end":{"line":30,"column":31}},"13":{"start":{"line":31,"column":8},"end":{"line":31,"column":27}},"14":{"start":{"line":32,"column":8},"end":{"line":32,"column":31}},"15":{"start":{"line":38,"column":8},"end":{"line":38,"column":27}},"16":{"start":{"line":39,"column":8},"end":{"line":39,"column":27}},"17":{"start":{"line":40,"column":8},"end":{"line":40,"column":31}},"18":{"start":{"line":41,"column":8},"end":{"line":41,"column":26}},"19":{"start":{"line":42,"column":8},"end":{"line":42,"column":30}},"20":{"start":{"line":46,"column":8},"end":{"line":46,"column":24}},"21":{"start":{"line":50,"column":27},"end":{"line":50,"column":57}},"22":{"start":{"line":51,"column":8},"end":{"line":51,"column":42}},"23":{"start":{"line":52,"column":8},"end":{"line":52,"column":26}},"24":{"start":{"line":56,"column":8},"end":{"line":56,"column":79}},"25":{"start":{"line":62,"column":8},"end":{"line":62,"column":27}},"26":{"start":{"line":63,"column":8},"end":{"line":63,"column":30}},"27":{"start":{"line":67,"column":24},"end":{"line":67,"column":57}},"28":{"start":{"line":68,"column":8},"end":{"line":68,"column":36}},"29":{"start":{"line":69,"column":8},"end":{"line":69,"column":23}},"30":{"start":{"line":73,"column":21},"end":{"line":73,"column":45}},"31":{"start":{"line":74,"column":8},"end":{"line":74,"column":36}},"32":{"start":{"line":75,"column":8},"end":{"line":75,"column":20}},"33":{"start":{"line":79,"column":19},"end":{"line":79,"column":21}},"34":{"start":{"line":81,"column":8},"end":{"line":83,"column":11}},"35":{"start":{"line":82,"column":12},"end":{"line":82,"column":40}},"36":{"start":{"line":85,"column":8},"end":{"line":85,"column":45}},"37":{"start":{"line":85,"column":28},"end":{"line":85,"column":43}},"38":{"start":{"line":86,"column":8},"end":{"line":86,"column":20}},"39":{"start":{"line":90,"column":8},"end":{"line":90,"column":29}},"40":{"start":{"line":94,"column":0},"end":{"line":94,"column":57}}},"fnMap":{"0":{"name":"(anonymous_0)","decl":{"start":{"line":2,"column":4},"end":{"line":2,"column":5}},"loc":{"start":{"line":2,"column":38},"end":{"line":8,"column":5}},"line":2},"1":{"name":"(anonymous_1)","decl":{"start":{"line":10,"column":4},"end":{"line":10,"column":5}},"loc":{"start":{"line":10,"column":32},"end":{"line":15,"column":5}},"line":10},"2":{"name":"(anonymous_2)","decl":{"start":{"line":17,"column":4},"end":{"line":17,"column":5}},"loc":{"start":{"line":17,"column":21},"end":{"line":21,"column":5}},"line":17},"3":{"name":"(anonymous_3)","decl":{"start":{"line":23,"column":4},"end":{"line":23,"column":5}},"loc":{"start":{"line":23,"column":18},"end":{"line":25,"column":5}},"line":23},"4":{"name":"(anonymous_4)","decl":{"start":{"line":29,"column":4},"end":{"line":29,"column":5}},"loc":{"start":{"line":29,"column":32},"end":{"line":33,"column":5}},"line":29},"5":{"name":"(anonymous_5)","decl":{"start":{"line":37,"column":4},"end":{"line":37,"column":5}},"loc":{"start":{"line":37,"column":30},"end":{"line":43,"column":5}},"line":37},"6":{"name":"(anonymous_6)","decl":{"start":{"line":45,"column":4},"end":{"line":45,"column":5}},"loc":{"start":{"line":45,"column":13},"end":{"line":47,"column":5}},"line":45},"7":{"name":"(anonymous_7)","decl":{"start":{"line":49,"column":4},"end":{"line":49,"column":5}},"loc":{"start":{"line":49,"column":29},"end":{"line":53,"column":5}},"line":49},"8":{"name":"(anonymous_8)","decl":{"start":{"line":55,"column":4},"end":{"line":55,"column":5}},"loc":{"start":{"line":55,"column":13},"end":{"line":57,"column":5}},"line":55},"9":{"name":"(anonymous_9)","decl":{"start":{"line":61,"column":4},"end":{"line":61,"column":5}},"loc":{"start":{"line":61,"column":18},"end":{"line":64,"column":5}},"line":61},"10":{"name":"(anonymous_10)","decl":{"start":{"line":66,"column":4},"end":{"line":66,"column":5}},"loc":{"start":{"line":66,"column":43},"end":{"line":70,"column":5}},"line":66},"11":{"name":"(anonymous_11)","decl":{"start":{"line":72,"column":4},"end":{"line":72,"column":5}},"loc":{"start":{"line":72,"column":29},"end":{"line":76,"column":5}},"line":72},"12":{"name":"(anonymous_12)","decl":{"start":{"line":78,"column":4},"end":{"line":78,"column":5}},"loc":{"start":{"line":78,"column":18},"end":{"line":87,"column":5}},"line":78},"13":{"name":"(anonymous_13)","decl":{"start":{"line":81,"column":33},"end":{"line":81,"column":34}},"loc":{"start":{"line":81,"column":38},"end":{"line":83,"column":9}},"line":81},"14":{"name":"(anonymous_14)","decl":{"start":{"line":85,"column":18},"end":{"line":85,"column":19}},"loc":{"start":{"line":85,"column":28},"end":{"line":85,"column":43}},"line":85},"15":{"name":"(anonymous_15)","decl":{"start":{"line":89,"column":4},"end":{"line":89,"column":5}},"loc":{"start":{"line":89,"column":21},"end":{"line":91,"column":5}},"line":89}},"branchMap":{"0":{"loc":{"start":{"line":11,"column":8},"end":{"line":14,"column":9}},"type":"if","locations":[{"start":{"line":11,"column":8},"end":{"line":14,"column":9}},{"start":{},"end":{}}],"line":11}},"s":{"0":18,"1":18,"2":18,"3":18,"4":18,"5":5,"6":4,"7":4,"8":6,"9":6,"10":6,"11":1,"12":2,"13":2,"14":2,"15":9,"16":9,"17":9,"18":9,"19":9,"20":4,"21":1,"22":1,"23":1,"24":1,"25":4,"26":4,"27":7,"28":7,"29":7,"30":5,"31":5,"32":5,"33":2,"34":2,"35":2,"36":2,"37":2,"38":2,"39":2,"40":1},"f":{"0":18,"1":5,"2":6,"3":1,"4":2,"5":9,"6":4,"7":1,"8":1,"9":4,"10":7,"11":5,"12":2,"13":2,"14":2,"15":2},"b":{"0":[4,1]},"_coverageSchema":"1a1c01bbd47fc00a2c39e90264f33305004495a9","hash":"f9f108afdf825489970992387a6d7ae6b2185f90"}
}
