TN:
SF:redeSocial.js
FN:2,(anonymous_0)
FN:10,(anonymous_1)
FN:17,(anonymous_2)
FN:23,(anonymous_3)
FN:29,(anonymous_4)
FN:37,(anonymous_5)
FN:45,(anonymous_6)
FN:49,(anonymous_7)
FN:55,(anonymous_8)
FN:61,(anonymous_9)
FN:66,(anonymous_10)
FN:72,(anonymous_11)
FN:78,(anonymous_12)
FN:81,(anonymous_13)
FN:85,(anonymous_14)
FN:89,(anonymous_15)
FNF:16
FNH:16
FNDA:18,(anonymous_0)
FNDA:5,(anonymous_1)
FNDA:6,(anonymous_2)
FNDA:1,(anonymous_3)
FNDA:2,(anonymous_4)
FNDA:9,(anonymous_5)
FNDA:4,(anonymous_6)
FNDA:1,(anonymous_7)
FNDA:1,(anonymous_8)
FNDA:4,(anonymous_9)
FNDA:7,(anonymous_10)
FNDA:5,(anonymous_11)
FNDA:2,(anonymous_12)
FNDA:2,(anonymous_13)
FNDA:2,(anonymous_14)
FNDA:2,(anonymous_15)
DA:3,18
DA:4,18
DA:5,18
DA:6,18
DA:7,18
DA:11,5
DA:12,4
DA:13,4
DA:18,6
DA:19,6
DA:20,6
DA:24,1
DA:30,2
DA:31,2
DA:32,2
DA:38,9
DA:39,9
DA:40,9
DA:41,9
DA:42,9
DA:46,4
DA:50,1
DA:51,1
DA:52,1
DA:56,1
DA:62,4
DA:63,4
DA:67,7
DA:68,7
DA:69,7
DA:73,5
DA:74,5
DA:75,5
DA:79,2
DA:81,2
DA:82,2
DA:85,2
DA:86,2
DA:90,2
DA:94,1
LF:40
LH:40
BRDA:11,0,0,4
BRDA:11,0,1,1
BRF:2
BRH:2
end_of_record
