{"/home/lorran/Documentos/IFPI/2°Ano/MATÉRIAS/Algoritmo e lógica de programação/algorithm activity/Capitulo 10/Q5/index.js": {"path":"/home/lorran/Documentos/IFPI/2°Ano/MATÉRIAS/Algoritmo e lógica de programação/algorithm activity/Capitulo 10/Q5/index.js","statementMap":{"0":{"start":{"line":2,"column":4},"end":{"line":2,"column":20}},"1":{"start":{"line":3,"column":4},"end":{"line":3,"column":33}},"2":{"start":{"line":6,"column":0},"end":{"line":6,"column":26}}},"fnMap":{"0":{"name":"Cadastro","decl":{"start":{"line":1,"column":9},"end":{"line":1,"column":17}},"loc":{"start":{"line":1,"column":24},"end":{"line":4,"column":1}},"line":1}},"branchMap":{},"s":{"0":1,"1":1,"2":1},"f":{"0":1},"b":{},"_coverageSchema":"1a1c01bbd47fc00a2c39e90264f33305004495a9","hash":"3573a77f55b6a12c4aa3d9d3ef3cb3b22a8bd3e0"}
}
