<?xml version="1.0" encoding="UTF-8"?>
<coverage generated="1770125639872" clover="3.2.0">
  <project timestamp="1770125639872" name="All files">
    <metrics statements="8" coveredstatements="8" conditionals="4" coveredconditionals="3" methods="2" coveredmethods="2" elements="14" coveredelements="13" complexity="0" loc="8" ncloc="8" packages="1" files="2" classes="2"/>
    <file name="idade.js" path="/home/lorran/Documentos/IFPI/2°Ano/MATÉRIAS/Algoritmo e lógica de programação/algorithm activity/Capitulo 10/Q1/idade.js">
      <metrics statements="3" coveredstatements="3" conditionals="4" coveredconditionals="3" methods="1" coveredmethods="1"/>
      <line num="2" count="2" type="cond" truecount="2" falsecount="0"/>
      <line num="3" count="1" type="cond" truecount="1" falsecount="1"/>
      <line num="6" count="1" type="stmt"/>
    </file>
    <file name="media.js" path="/home/lorran/Documentos/IFPI/2°Ano/MATÉRIAS/Algoritmo e lógica de programação/algorithm activity/Capitulo 10/Q1/media.js">
      <metrics statements="5" coveredstatements="5" conditionals="0" coveredconditionals="0" methods="1" coveredmethods="1"/>
      <line num="2" count="1" type="stmt"/>
      <line num="3" count="1" type="stmt"/>
      <line num="4" count="4" type="stmt"/>
      <line num="6" count="1" type="stmt"/>
      <line num="9" count="1" type="stmt"/>
    </file>
  </project>
</coverage>
